Using pre-set license
Built from '2020.3/staging' branch; Version is '2020.3.25f1 (9b9180224418) revision 10195328'; Using compiler version '192528614'; Build Type 'Release'
OS: 'Windows 10  (10.0.19042) 64bit Professional' Language: 'pl' Physical Memory: 12158 MB
BatchMode: 1, IsHumanControllingUs: 0, StartBugReporterOnCrash: 0, Is64bit: 1, IsPro: 0

COMMAND LINE ARGUMENTS:
C:\Program Files\Unity\Hub\Editor\2020.3.25f1\Editor\Unity.exe
-adb2
-batchMode
-noUpm
-name
AssetImportWorker1
-projectPath
C:/Users/gracj/OneDrive/Documents/GitHub/123-KatolikPatrzy/Bees
-logFile
Logs/AssetImportWorker1.log
-srvPort
52132
Successfully changed project path to: C:/Users/gracj/OneDrive/Documents/GitHub/123-KatolikPatrzy/Bees
C:/Users/gracj/OneDrive/Documents/GitHub/123-KatolikPatrzy/Bees
Using Asset Import Pipeline V2.
Refreshing native plugins compatible for Editor in 109.42 ms, found 3 plugins.
Preloading 0 native plugins for Editor in 0.00 ms.
Initialize engine version: 2020.3.25f1 (9b9180224418)
[Subsystems] Discovering subsystems at path C:/Program Files/Unity/Hub/Editor/2020.3.25f1/Editor/Data/Resources/UnitySubsystems
[Subsystems] Discovering subsystems at path C:/Users/gracj/OneDrive/Documents/GitHub/123-KatolikPatrzy/Bees/Assets
GfxDevice: creating device client; threaded=0
Direct3D:
    Version:  Direct3D 11.0 [level 11.0]
    Renderer: Intel(R) HD Graphics 4000 (ID=0x166)
    Vendor:   
    VRAM:     128 MB
    Driver:   10.18.10.4425
Initialize mono
Mono path[0] = 'C:/Program Files/Unity/Hub/Editor/2020.3.25f1/Editor/Data/Managed'
Mono path[1] = 'C:/Program Files/Unity/Hub/Editor/2020.3.25f1/Editor/Data/MonoBleedingEdge/lib/mono/unityjit'
Mono config path = 'C:/Program Files/Unity/Hub/Editor/2020.3.25f1/Editor/Data/MonoBleedingEdge/etc'
Using monoOptions --debugger-agent=transport=dt_socket,embedding=1,server=y,suspend=n,address=127.0.0.1:56176
Begin MonoManager ReloadAssembly
Registering precompiled unity dll's ...
Register platform support module: C:/Program Files/Unity/Hub/Editor/2020.3.25f1/Editor/Data/PlaybackEngines/WindowsStandaloneSupport/UnityEditor.WindowsStandalone.Extensions.dll
Registered in 0.003049 seconds.
Native extension for WindowsStandalone target not found
Refreshing native plugins compatible for Editor in 66.81 ms, found 3 plugins.
Preloading 0 native plugins for Editor in 0.00 ms.
Mono: successfully reloaded assembly
- Completed reload, in  0.869 seconds
Domain Reload Profiling:
	ReloadAssembly (869ms)
		BeginReloadAssembly (81ms)
			ExecutionOrderSort (0ms)
			DisableScriptedObjects (0ms)
			BackupInstance (0ms)
			ReleaseScriptingObjects (0ms)
			CreateAndSetChildDomain (1ms)
		EndReloadAssembly (677ms)
			LoadAssemblies (78ms)
			RebuildTransferFunctionScriptingTraits (0ms)
			SetupTypeCache (219ms)
			ReleaseScriptCaches (0ms)
			RebuildScriptCaches (48ms)
			SetupLoadedEditorAssemblies (264ms)
				LogAssemblyErrors (0ms)
				InitializePlatformSupportModulesInManaged (6ms)
				SetLoadedEditorAssemblies (0ms)
				RefreshPlugins (67ms)
				BeforeProcessingInitializeOnLoad (24ms)
				ProcessInitializeOnLoadAttributes (123ms)
				ProcessInitializeOnLoadMethodAttributes (43ms)
				AfterProcessingInitializeOnLoad (0ms)
				EditorAssembliesLoaded (0ms)
			ExecutionOrderSort2 (0ms)
			AwakeInstancesAfterBackupRestoration (0ms)
Platform modules already initialized, skipping
Registering precompiled user dll's ...
Registered in 0.007487 seconds.
Begin MonoManager ReloadAssembly
Native extension for WindowsStandalone target not found
Refreshing native plugins compatible for Editor in 65.56 ms, found 3 plugins.
Preloading 0 native plugins for Editor in 0.00 ms.
Mono: successfully reloaded assembly
- Completed reload, in  2.631 seconds
Domain Reload Profiling:
	ReloadAssembly (2647ms)
		BeginReloadAssembly (221ms)
			ExecutionOrderSort (0ms)
			DisableScriptedObjects (7ms)
			BackupInstance (0ms)
			ReleaseScriptingObjects (0ms)
			CreateAndSetChildDomain (25ms)
		EndReloadAssembly (2334ms)
			LoadAssemblies (131ms)
			RebuildTransferFunctionScriptingTraits (0ms)
			SetupTypeCache (451ms)
			ReleaseScriptCaches (1ms)
			RebuildScriptCaches (72ms)
			SetupLoadedEditorAssemblies (1451ms)
				LogAssemblyErrors (0ms)
				InitializePlatformSupportModulesInManaged (5ms)
				SetLoadedEditorAssemblies (0ms)
				RefreshPlugins (66ms)
				BeforeProcessingInitializeOnLoad (124ms)
				ProcessInitializeOnLoadAttributes (478ms)
				ProcessInitializeOnLoadMethodAttributes (757ms)
				AfterProcessingInitializeOnLoad (22ms)
				EditorAssembliesLoaded (0ms)
			ExecutionOrderSort2 (0ms)
			AwakeInstancesAfterBackupRestoration (21ms)
Platform modules already initialized, skipping
========================================================================
Worker process is ready to serve import requests
Launched and connected shader compiler UnityShaderCompiler.exe after 0.14 seconds
Refreshing native plugins compatible for Editor in 0.65 ms, found 3 plugins.
Preloading 0 native plugins for Editor in 0.00 ms.
Unloading 2194 Unused Serialized files (Serialized files now loaded: 0)
System memory in use before: 95.8 MB.
System memory in use after: 95.9 MB.

Unloading 28 unused Assets to reduce memory usage. Loaded Objects now: 2627.
Total: 4.447600 ms (FindLiveObjects: 0.283600 ms CreateObjectMapping: 0.226500 ms MarkObjects: 3.839500 ms  DeleteObjects: 0.096100 ms)

AssetImportParameters requested are different than current active one (requested -> active):
  custom:framework-win-MediaFoundation: 216162199b28c13a410421893ffa2e32 -> 
  custom:video-decoder-ogg-theora: a1e56fd34408186e4bbccfd4996cb3dc -> 
  custom:container-muxer-webm: aa71ff27fc2769a1b78a27578f13a17b -> 
  custom:container-demuxer-webm: 4f35f7cbe854078d1ac9338744f61a02 -> 
  custom:container-demuxer-ogg: 62fdf1f143b41e24485cea50d1cbac27 -> 
  custom:video-encoder-webm-vp8: eb34c28f22e8b96e1ab97ce403110664 -> 
  custom:video-decoder-webm-vp8: 9c59270c3fd7afecdb556c50c9e8de78 -> 
  custom:audio-decoder-ogg-vorbis: bf7c407c2cedff20999df2af8eb42d56 -> 
  custom:audio-encoder-webm-vorbis: bf7c407c2cedff20999df2af8eb42d56 -> 
========================================================================
Received Import Request.
  path: Assets/Graphics/Sprites
  artifactKey: Guid(1701d68f703df044a8b8fc163e64defa) Importer(815301076,1909f56bfc062723c751e8b465ee728b)
Start importing Assets/Graphics/Sprites using Guid(1701d68f703df044a8b8fc163e64defa) Importer(815301076,1909f56bfc062723c751e8b465ee728b)  -> (artifact id: '4790c790780b660b9202c809d6d9479d') in 0.027617 seconds 
  Import took 0.034767 seconds .

========================================================================
Received Import Request.
  Time since last request: 114.213495 seconds.
  path: Assets
  artifactKey: Guid(00000000000000001000000000000000) Importer(815301076,1909f56bfc062723c751e8b465ee728b)
Start importing Assets using Guid(00000000000000001000000000000000) Importer(815301076,1909f56bfc062723c751e8b465ee728b)  -> (artifact id: '42d402b061de3733987d63b9cc3b64de') in 0.034828 seconds 
  Import took 0.042100 seconds .

========================================================================
Received Import Request.
  Time since last request: 6.338705 seconds.
  path: Assets/Prefabs
  artifactKey: Guid(b6f6112d0bf5cd04383ad91c2e9c48e6) Importer(815301076,1909f56bfc062723c751e8b465ee728b)
Start importing Assets/Prefabs using Guid(b6f6112d0bf5cd04383ad91c2e9c48e6) Importer(815301076,1909f56bfc062723c751e8b465ee728b)  -> (artifact id: 'e0ca7e3f04f1d08c1e45ea08b89bef0d') in 0.033008 seconds 
  Import took 0.040379 seconds .

========================================================================
Received Import Request.
  Time since last request: 27.566945 seconds.
  path: Assets/Graphics/Sprites/Fire.png
  artifactKey: Guid(fffb3547b825d0a4e8d92312c32df1af) Importer(815301076,1909f56bfc062723c751e8b465ee728b)
Start importing Assets/Graphics/Sprites/Fire.png using Guid(fffb3547b825d0a4e8d92312c32df1af) Importer(815301076,1909f56bfc062723c751e8b465ee728b)  -> (artifact id: '7f8f10a02b0e625df3f1ae0250cb46a4') in 0.238038 seconds 
  Import took 0.243699 seconds .

========================================================================
Received Import Request.
  Time since last request: 13.772273 seconds.
  path: Assets/Graphics/Sprites/Grass.png
  artifactKey: Guid(b3ec85f43d756454db0d739ea43bf64f) Importer(815301076,1909f56bfc062723c751e8b465ee728b)
Start importing Assets/Graphics/Sprites/Grass.png using Guid(b3ec85f43d756454db0d739ea43bf64f) Importer(815301076,1909f56bfc062723c751e8b465ee728b)  -> (artifact id: '606b3991942e71295eb1bb6372faa762') in 0.068406 seconds 
  Import took 0.073747 seconds .

========================================================================
Received Import Request.
  Time since last request: 75.919918 seconds.
  path: Assets/Prefabs/Fire.prefab
  artifactKey: Guid(fd966885b8f6c5e48b4344673b244228) Importer(815301076,1909f56bfc062723c751e8b465ee728b)
Start importing Assets/Prefabs/Fire.prefab using Guid(fd966885b8f6c5e48b4344673b244228) Importer(815301076,1909f56bfc062723c751e8b465ee728b)  -> (artifact id: 'fd34760342a8dc4c1f1412f214a63b4a') in 0.061490 seconds 
  Import took 0.068101 seconds .

========================================================================
Received Import Request.
  Time since last request: 2.241818 seconds.
  path: Assets/Prefabs/Grass.prefab
  artifactKey: Guid(1a4e0a7a5e044564eb85fddcfc8243f5) Importer(815301076,1909f56bfc062723c751e8b465ee728b)
Start importing Assets/Prefabs/Grass.prefab using Guid(1a4e0a7a5e044564eb85fddcfc8243f5) Importer(815301076,1909f56bfc062723c751e8b465ee728b)  -> (artifact id: '97d46d6cee7bcab98f793bd6325a9632') in 0.026316 seconds 
  Import took 0.034075 seconds .

========================================================================
Received Import Request.
  Time since last request: 2.210731 seconds.
  path: Assets/Prefabs/Wind.prefab
  artifactKey: Guid(06a2f58fe2886f94f85a91894d414056) Importer(815301076,1909f56bfc062723c751e8b465ee728b)
Start importing Assets/Prefabs/Wind.prefab using Guid(06a2f58fe2886f94f85a91894d414056) Importer(815301076,1909f56bfc062723c751e8b465ee728b)  -> (artifact id: '0c8d5a0261c21590e659a9aac956a1a5') in 0.035634 seconds 
  Import took 0.042382 seconds .

========================================================================
Received Import Request.
  Time since last request: 121.195277 seconds.
  path: Assets/Prefabs/Rock.prefab
  artifactKey: Guid(16703600776151a47841cd0477606244) Importer(815301076,1909f56bfc062723c751e8b465ee728b)
Start importing Assets/Prefabs/Rock.prefab using Guid(16703600776151a47841cd0477606244) Importer(815301076,1909f56bfc062723c751e8b465ee728b)  -> (artifact id: '4aad56d35b04061808e5d309d1f1e5fb') in 0.029841 seconds 
  Import took 0.036582 seconds .

========================================================================
Received Import Request.
  Time since last request: 490.988426 seconds.
  path: Assets/Graphics/Sprites/Fire.png
  artifactKey: Guid(fffb3547b825d0a4e8d92312c32df1af) Importer(815301076,1909f56bfc062723c751e8b465ee728b)
Start importing Assets/Graphics/Sprites/Fire.png using Guid(fffb3547b825d0a4e8d92312c32df1af) Importer(815301076,1909f56bfc062723c751e8b465ee728b)  -> (artifact id: 'c4d02dcaeff9b3b326d4257fe7ee2f61') in 0.035453 seconds 
  Import took 0.045342 seconds .

========================================================================
Received Import Request.
  Time since last request: 9.450387 seconds.
  path: Assets/Graphics/Sprites/Grass.png
  artifactKey: Guid(b3ec85f43d756454db0d739ea43bf64f) Importer(815301076,1909f56bfc062723c751e8b465ee728b)
Start importing Assets/Graphics/Sprites/Grass.png using Guid(b3ec85f43d756454db0d739ea43bf64f) Importer(815301076,1909f56bfc062723c751e8b465ee728b)  -> (artifact id: 'baf301d83f260642f26435a8e6ac786b') in 0.032075 seconds 
  Import took 0.042781 seconds .

========================================================================
Received Import Request.
  Time since last request: 457.928291 seconds.
  path: Assets/Graphics/Sprites/Fire.png
  artifactKey: Guid(fffb3547b825d0a4e8d92312c32df1af) Importer(815301076,1909f56bfc062723c751e8b465ee728b)
Start importing Assets/Graphics/Sprites/Fire.png using Guid(fffb3547b825d0a4e8d92312c32df1af) Importer(815301076,1909f56bfc062723c751e8b465ee728b)  -> (artifact id: '26ba230bb603baa0b46411d9f838df1f') in 0.038965 seconds 
  Import took 0.048888 seconds .

========================================================================
Received Import Request.
  Time since last request: 99.179492 seconds.
  path: Assets/Graphics/Sprites/Wind.png
  artifactKey: Guid(db4f272622bacd74a938a47a5faa0617) Importer(815301076,1909f56bfc062723c751e8b465ee728b)
Start importing Assets/Graphics/Sprites/Wind.png using Guid(db4f272622bacd74a938a47a5faa0617) Importer(815301076,1909f56bfc062723c751e8b465ee728b)  -> (artifact id: '525bea797794ad9b52a7e9c48fd584c9') in 0.034647 seconds 
  Import took 0.041707 seconds .

========================================================================
Received Import Request.
  Time since last request: 7786.402892 seconds.
  path: Assets/Prefabs/Grids
  artifactKey: Guid(adad600b8f1159242aef607a299f69fa) Importer(815301076,1909f56bfc062723c751e8b465ee728b)
Start importing Assets/Prefabs/Grids using Guid(adad600b8f1159242aef607a299f69fa) Importer(815301076,1909f56bfc062723c751e8b465ee728b)  -> (artifact id: 'ba1b9fee87711f22373cc80280ceea11') in 0.015314 seconds 
  Import took 0.021924 seconds .

========================================================================
Received Import Request.
  Time since last request: 84.189263 seconds.
  path: Assets/Graphics/Sprites/Bee.png
  artifactKey: Guid(4004d065bd2dba14a9afe609792079b9) Importer(815301076,1909f56bfc062723c751e8b465ee728b)
Start importing Assets/Graphics/Sprites/Bee.png using Guid(4004d065bd2dba14a9afe609792079b9) Importer(815301076,1909f56bfc062723c751e8b465ee728b)  -> (artifact id: 'cb4e9c0f65b463311c6cae0a1b9b66f9') in 0.041875 seconds 
  Import took 0.050217 seconds .

========================================================================
Received Import Request.
  Time since last request: 5.748657 seconds.
  path: Assets/Graphics/Sprites/Bee.png
  artifactKey: Guid(4004d065bd2dba14a9afe609792079b9) Importer(815301076,1909f56bfc062723c751e8b465ee728b)
Start importing Assets/Graphics/Sprites/Bee.png using Guid(4004d065bd2dba14a9afe609792079b9) Importer(815301076,1909f56bfc062723c751e8b465ee728b)  -> (artifact id: 'dfb725119d76ad5759d6e7ffa8eaada6') in 0.019980 seconds 
  Import took 0.026843 seconds .

========================================================================
Received Import Request.
  Time since last request: 3723.460795 seconds.
  path: Assets/Prefabs/Platform1_Level1.prefab
  artifactKey: Guid(a14c4c5fac4c26b47a3241a1b568637e) Importer(815301076,1909f56bfc062723c751e8b465ee728b)
Start importing Assets/Prefabs/Platform1_Level1.prefab using Guid(a14c4c5fac4c26b47a3241a1b568637e) Importer(815301076,1909f56bfc062723c751e8b465ee728b)  -> (artifact id: '6e5d4549e3ee3272c0d3a0d5e0cd198b') in 0.150273 seconds 
  Import took 0.156568 seconds .

========================================================================
Received Import Request.
  Time since last request: 9.460076 seconds.
  path: Assets/Prefabs/Platforms
  artifactKey: Guid(06a080113d2068d4b988f2501192a2dc) Importer(815301076,1909f56bfc062723c751e8b465ee728b)
Start importing Assets/Prefabs/Platforms using Guid(06a080113d2068d4b988f2501192a2dc) Importer(815301076,1909f56bfc062723c751e8b465ee728b)  -> (artifact id: '89b57867bdfd2e9e68b3f48a422b693d') in 0.014664 seconds 
  Import took 0.021507 seconds .

========================================================================
Received Import Request.
  Time since last request: 18.077255 seconds.
  path: Assets/Prefabs/Platforms/Level1
  artifactKey: Guid(0ee4b8c259bbb8742b2887ec041e4b2c) Importer(815301076,1909f56bfc062723c751e8b465ee728b)
Start importing Assets/Prefabs/Platforms/Level1 using Guid(0ee4b8c259bbb8742b2887ec041e4b2c) Importer(815301076,1909f56bfc062723c751e8b465ee728b)  -> (artifact id: 'c5e8ab654d0feb6237c1e54e51a1493a') in 0.013900 seconds 
  Import took 0.020850 seconds .

========================================================================
Received Import Request.
  Time since last request: 11.018190 seconds.
  path: Assets/Prefabs/Platforms/Level2
  artifactKey: Guid(642fc9f329802cc43af93ac28d79862b) Importer(815301076,1909f56bfc062723c751e8b465ee728b)
Start importing Assets/Prefabs/Platforms/Level2 using Guid(642fc9f329802cc43af93ac28d79862b) Importer(815301076,1909f56bfc062723c751e8b465ee728b)  -> (artifact id: '13ef236f0b7562ec85530055d84aa053') in 0.018792 seconds 
  Import took 0.025141 seconds .

========================================================================
Received Import Request.
  Time since last request: 12.619677 seconds.
  path: Assets/Prefabs/Platforms/Level3
  artifactKey: Guid(48f235a300d288b4d94ea2e2400d6b64) Importer(815301076,1909f56bfc062723c751e8b465ee728b)
Start importing Assets/Prefabs/Platforms/Level3 using Guid(48f235a300d288b4d94ea2e2400d6b64) Importer(815301076,1909f56bfc062723c751e8b465ee728b)  -> (artifact id: '5a9734aeffbbe710f81f707d3cc54bd9') in 0.014903 seconds 
  Import took 0.021264 seconds .

AssetImportWorkerClient::OnTransportError - code=2 error=End of file
